execve("./amqp", ["./amqp", "-r"], 0x7ffe65dae808 /* 166 vars */) = 0
brk(NULL)                               = 0x3656d000
mmap(NULL, 8192, PROT_READ|PROT_WRITE, MAP_PRIVATE|MAP_ANONYMOUS, -1, 0) = 0x7f0e82268000
access("/etc/ld.so.preload", R_OK)      = -1 ENOENT (No such file or directory)
openat(AT_FDCWD, "/etc/ld.so.cache", O_RDONLY|O_CLOEXEC) = 3
fstat(3, {st_mode=S_IFREG|0644, st_size=38643, ...}) = 0
mmap(NULL, 38643, PROT_READ, MAP_PRIVATE, 3, 0) = 0x7f0e8225e000
close(3)                                = 0
openat(AT_FDCWD, "/lib/x86_64-linux-gnu/libc.so.6", O_RDONLY|O_CLOEXEC) = 3
read(3, "\177ELF\2\1\1\3\0\0\0\0\0\0\0\0\3\0>\0\1\0\0\0\220\243\2\0\0\0\0\0"..., 832) = 832
pread64(3, "\6\0\0\0\4\0\0\0@\0\0\0\0\0\0\0@\0\0\0\0\0\0\0@\0\0\0\0\0\0\0"..., 784, 64) = 784
fstat(3, {st_mode=S_IFREG|0755, st_size=2125328, ...}) = 0
pread64(3, "\6\0\0\0\4\0\0\0@\0\0\0\0\0\0\0@\0\0\0\0\0\0\0@\0\0\0\0\0\0\0"..., 784, 64) = 784
mmap(NULL, 2170256, PROT_READ, MAP_PRIVATE|MAP_DENYWRITE, 3, 0) = 0x7f0e82000000
mmap(0x7f0e82028000, 1605632, PROT_READ|PROT_EXEC, MAP_PRIVATE|MAP_FIXED|MAP_DENYWRITE, 3, 0x28000) = 0x7f0e82028000
mmap(0x7f0e821b0000, 323584, PROT_READ, MAP_PRIVATE|MAP_FIXED|MAP_DENYWRITE, 3, 0x1b0000) = 0x7f0e821b0000
mmap(0x7f0e821ff000, 24576, PROT_READ|PROT_WRITE, MAP_PRIVATE|MAP_FIXED|MAP_DENYWRITE, 3, 0x1fe000) = 0x7f0e821ff000
mmap(0x7f0e82205000, 52624, PROT_READ|PROT_WRITE, MAP_PRIVATE|MAP_FIXED|MAP_ANONYMOUS, -1, 0) = 0x7f0e82205000
close(3)                                = 0
mmap(NULL, 12288, PROT_READ|PROT_WRITE, MAP_PRIVATE|MAP_ANONYMOUS, -1, 0) = 0x7f0e8225b000
arch_prctl(ARCH_SET_FS, 0x7f0e8225b740) = 0
set_tid_address(0x7f0e8225ba10)         = 4360
set_robust_list(0x7f0e8225ba20, 24)     = 0
rseq(0x7f0e8225c060, 0x20, 0, 0x53053053) = 0
mprotect(0x7f0e821ff000, 16384, PROT_READ) = 0
mprotect(0x402000, 4096, PROT_READ)     = 0
mprotect(0x7f0e822a6000, 8192, PROT_READ) = 0
prlimit64(0, RLIMIT_STACK, NULL, {rlim_cur=16384*1024, rlim_max=16384*1024}) = 0
munmap(0x7f0e8225e000, 38643)           = 0
socket(AF_UNIX, SOCK_STREAM|SOCK_CLOEXEC|SOCK_NONBLOCK, 0) = 3
connect(3, {sa_family=AF_UNIX, sun_path="/var/run/nscd/socket"}, 110) = -1 ENOENT (No such file or directory)
close(3)                                = 0
socket(AF_UNIX, SOCK_STREAM|SOCK_CLOEXEC|SOCK_NONBLOCK, 0) = 3
connect(3, {sa_family=AF_UNIX, sun_path="/var/run/nscd/socket"}, 110) = -1 ENOENT (No such file or directory)
close(3)                                = 0
getrandom("\x9b\x71\x70\x69\x48\x8d\x8f\x82", 8, GRND_NONBLOCK) = 8
brk(NULL)                               = 0x3656d000
brk(0x3658e000)                         = 0x3658e000
newfstatat(AT_FDCWD, "/etc/nsswitch.conf", {st_mode=S_IFREG|0644, st_size=526, ...}, 0) = 0
newfstatat(AT_FDCWD, "/", {st_mode=S_IFDIR|0755, st_size=4096, ...}, 0) = 0
openat(AT_FDCWD, "/etc/nsswitch.conf", O_RDONLY|O_CLOEXEC) = 3
fstat(3, {st_mode=S_IFREG|0644, st_size=526, ...}) = 0
read(3, "# /etc/nsswitch.conf\n#\n# Example"..., 4096) = 526
read(3, "", 4096)                       = 0
fstat(3, {st_mode=S_IFREG|0644, st_size=526, ...}) = 0
close(3)                                = 0
newfstatat(AT_FDCWD, "/etc/resolv.conf", {st_mode=S_IFREG|0644, st_size=970, ...}, 0) = 0
openat(AT_FDCWD, "/etc/host.conf", O_RDONLY|O_CLOEXEC) = 3
fstat(3, {st_mode=S_IFREG|0644, st_size=92, ...}) = 0
read(3, "# The \"order\" line is only used "..., 4096) = 92
read(3, "", 4096)                       = 0
close(3)                                = 0
futex(0x7f0e8220b66c, FUTEX_WAKE_PRIVATE, 2147483647) = 0
openat(AT_FDCWD, "/etc/resolv.conf", O_RDONLY|O_CLOEXEC) = 3
fstat(3, {st_mode=S_IFREG|0644, st_size=970, ...}) = 0
read(3, "# This is /run/systemd/resolve/s"..., 4096) = 970
read(3, "", 4096)                       = 0
fstat(3, {st_mode=S_IFREG|0644, st_size=970, ...}) = 0
close(3)                                = 0
openat(AT_FDCWD, "/etc/hosts", O_RDONLY|O_CLOEXEC) = 3
fstat(3, {st_mode=S_IFREG|0644, st_size=326, ...}) = 0
lseek(3, 0, SEEK_SET)                   = 0
read(3, "127.0.0.1 localhost\n\n# The follo"..., 4096) = 326
read(3, "", 4096)                       = 0
close(3)                                = 0
openat(AT_FDCWD, "/etc/gai.conf", O_RDONLY|O_CLOEXEC) = 3
fstat(3, {st_mode=S_IFREG|0644, st_size=2584, ...}) = 0
fstat(3, {st_mode=S_IFREG|0644, st_size=2584, ...}) = 0
read(3, "# Configuration for getaddrinfo("..., 4096) = 2584
read(3, "", 4096)                       = 0
close(3)                                = 0
futex(0x7f0e82210ec4, FUTEX_WAKE_PRIVATE, 2147483647) = 0
socket(AF_NETLINK, SOCK_RAW|SOCK_CLOEXEC, NETLINK_ROUTE) = 3
bind(3, {sa_family=AF_NETLINK, nl_pid=0, nl_groups=00000000}, 12) = 0
getsockname(3, {sa_family=AF_NETLINK, nl_pid=4360, nl_groups=00000000}, [12]) = 0
sendto(3, [{nlmsg_len=20, nlmsg_type=RTM_GETADDR, nlmsg_flags=NLM_F_REQUEST|NLM_F_DUMP, nlmsg_seq=1751232961, nlmsg_pid=0}, {ifa_family=AF_UNSPEC, ...}], 20, 0, {sa_family=AF_NETLINK, nl_pid=0, nl_groups=00000000}, 12) = 20
recvmsg(3, {msg_name={sa_family=AF_NETLINK, nl_pid=0, nl_groups=00000000}, msg_namelen=12, msg_iov=[{iov_base=[[{nlmsg_len=76, nlmsg_type=RTM_NEWADDR, nlmsg_flags=NLM_F_MULTI, nlmsg_seq=1751232961, nlmsg_pid=4360}, {ifa_family=AF_INET, ifa_prefixlen=8, ifa_flags=IFA_F_PERMANENT, ifa_scope=RT_SCOPE_HOST, ifa_index=if_nametoindex("lo")}, [[{nla_len=8, nla_type=IFA_ADDRESS}, inet_addr("127.0.0.1")], [{nla_len=8, nla_type=IFA_LOCAL}, inet_addr("127.0.0.1")], [{nla_len=7, nla_type=IFA_LABEL}, "lo"], [{nla_len=8, nla_type=IFA_FLAGS}, IFA_F_PERMANENT], [{nla_len=20, nla_type=IFA_CACHEINFO}, {ifa_prefered=4294967295, ifa_valid=4294967295, cstamp=185, tstamp=185}]]], [{nlmsg_len=96, nlmsg_type=RTM_NEWADDR, nlmsg_flags=NLM_F_MULTI, nlmsg_seq=1751232961, nlmsg_pid=4360}, {ifa_family=AF_INET, ifa_prefixlen=16, ifa_flags=IFA_F_PERMANENT, ifa_scope=RT_SCOPE_UNIVERSE, ifa_index=if_nametoindex("eth0")}, [[{nla_len=8, nla_type=IFA_ADDRESS}, inet_addr("10.1.0.155")], [{nla_len=8, nla_type=IFA_LOCAL}, inet_addr("10.1.0.155")], [{nla_len=8, nla_type=IFA_BROADCAST}, inet_addr("10.1.255.255")], [{nla_len=9, nla_type=IFA_LABEL}, "eth0"], [{nla_len=8, nla_type=IFA_FLAGS}, IFA_F_PERMANENT], [{nla_len=8, nla_type=IFA_RT_PRIORITY}, 100], [{nla_len=20, nla_type=IFA_CACHEINFO}, {ifa_prefered=4294967295, ifa_valid=4294967295, cstamp=780, tstamp=780}]]], [{nlmsg_len=88, nlmsg_type=RTM_NEWADDR, nlmsg_flags=NLM_F_MULTI, nlmsg_seq=1751232961, nlmsg_pid=4360}, {ifa_family=AF_INET, ifa_prefixlen=16, ifa_flags=IFA_F_PERMANENT, ifa_scope=RT_SCOPE_UNIVERSE, ifa_index=if_nametoindex("docker0")}, [[{nla_len=8, nla_type=IFA_ADDRESS}, inet_addr("172.17.0.1")], [{nla_len=8, nla_type=IFA_LOCAL}, inet_addr("172.17.0.1")], [{nla_len=8, nla_type=IFA_BROADCAST}, inet_addr("172.17.255.255")], [{nla_len=12, nla_type=IFA_LABEL}, "docker0"], [{nla_len=8, nla_type=IFA_FLAGS}, IFA_F_PERMANENT], [{nla_len=20, nla_type=IFA_CACHEINFO}, {ifa_prefered=4294967295, ifa_valid=4294967295, cstamp=1370, tstamp=1370}]]], [{nlmsg_len=72, nlmsg_type=RTM_NEWADDR, nlmsg_flags=NLM_F_MULTI, nlmsg_seq=1751232961, nlmsg_pid=4360}, {ifa_family=AF_INET6, ifa_prefixlen=128, ifa_flags=IFA_F_PERMANENT, ifa_scope=RT_SCOPE_HOST, ifa_index=if_nametoindex("lo")}, [[{nla_len=20, nla_type=IFA_ADDRESS}, inet_pton(AF_INET6, "::1")], [{nla_len=20, nla_type=IFA_CACHEINFO}, {ifa_prefered=4294967295, ifa_valid=4294967295, cstamp=185, tstamp=185}], [{nla_len=8, nla_type=IFA_FLAGS}, IFA_F_PERMANENT|IFA_F_NOPREFIXROUTE]]], [{nlmsg_len=80, nlmsg_type=RTM_NEWADDR, nlmsg_flags=NLM_F_MULTI, nlmsg_seq=1751232961, nlmsg_pid=4360}, {ifa_family=AF_INET6, ifa_prefixlen=64, ifa_flags=IFA_F_PERMANENT, ifa_scope=RT_SCOPE_LINK, ifa_index=if_nametoindex("eth0")}, [[{nla_len=20, nla_type=IFA_ADDRESS}, inet_pton(AF_INET6, "fe80::222:48ff:fe8f:4afb")], [{nla_len=20, nla_type=IFA_CACHEINFO}, {ifa_prefered=4294967295, ifa_valid=4294967295, cstamp=773, tstamp=773}], [{nla_len=8, nla_type=IFA_FLAGS}, IFA_F_PERMANENT], [{nla_len=5, nla_type=IFA_PROTO}, "\x03"]]]], iov_len=4096}], msg_iovlen=1, msg_controllen=0, msg_flags=0}, 0) = 412
recvmsg(3, {msg_name={sa_family=AF_NETLINK, nl_pid=0, nl_groups=00000000}, msg_namelen=12, msg_iov=[{iov_base=[{nlmsg_len=20, nlmsg_type=NLMSG_DONE, nlmsg_flags=NLM_F_MULTI, nlmsg_seq=1751232961, nlmsg_pid=4360}, 0], iov_len=4096}], msg_iovlen=1, msg_controllen=0, msg_flags=0}, 0) = 20
close(3)                                = 0
socket(AF_INET, SOCK_DGRAM|SOCK_CLOEXEC, IPPROTO_IP) = 3
connect(3, {sa_family=AF_INET, sin_port=htons(5672), sin_addr=inet_addr("127.0.0.1")}, 16) = 0
getsockname(3, {sa_family=AF_INET, sin_port=htons(60116), sin_addr=inet_addr("127.0.0.1")}, [28 => 16]) = 0
close(3)                                = 0
socket(AF_INET6, SOCK_DGRAM|SOCK_CLOEXEC, IPPROTO_IP) = 3
connect(3, {sa_family=AF_INET6, sin6_port=htons(5672), sin6_flowinfo=htonl(0), inet_pton(AF_INET6, "::1", &sin6_addr), sin6_scope_id=0}, 28) = 0
getsockname(3, {sa_family=AF_INET6, sin6_port=htons(33818), sin6_flowinfo=htonl(0), inet_pton(AF_INET6, "::1", &sin6_addr), sin6_scope_id=0}, [28]) = 0
close(3)                                = 0
socket(AF_INET6, SOCK_STREAM, IPPROTO_IP) = 3
connect(3, {sa_family=AF_INET6, sin6_port=htons(5672), sin6_flowinfo=htonl(0), inet_pton(AF_INET6, "::1", &sin6_addr), sin6_scope_id=0}, 28) = ? ERESTARTSYS (To be restarted if SA_RESTART is set)
--- SIGTERM {si_signo=SIGTERM, si_code=SI_USER, si_pid=4356, si_uid=1001} ---
+++ killed by SIGTERM +++
